\BOOKMARK [1][-]{section.1}{\376\377\000I\000n\000t\000r\000o\000d\000u\000c\000t\000i\000o\000n}{}% 1
\BOOKMARK [1][-]{section.2}{\376\377\000T\000h\000e\000\040\000C\000o\000m\000p\000u\000t\000i\000n\000g\000\040\000N\000e\000t\000w\000o\000r\000k\000\040\000M\000o\000d\000e\000l}{}% 2
\BOOKMARK [2][-]{subsection.2.1}{\376\377\000P\000r\000i\000m\000i\000t\000i\000v\000e\000\040\000o\000b\000j\000e\000c\000t\000s}{section.2}% 3
\BOOKMARK [2][-]{subsection.2.2}{\376\377\000S\000e\000p\000a\000r\000a\000t\000i\000o\000n\000\040\000c\000o\000s\000t}{section.2}% 4
\BOOKMARK [2][-]{subsection.2.3}{\376\377\000A\000s\000s\000i\000g\000n\000m\000e\000n\000t\000s\000\040\000a\000n\000d\000\040\000c\000l\000o\000s\000u\000r\000e}{section.2}% 5
\BOOKMARK [1][-]{section.3}{\376\377\000T\000h\000e\000\040\000R\000e\000s\000o\000l\000u\000t\000i\000o\000n\000\040\000F\000l\000o\000o\000r}{}% 6
\BOOKMARK [2][-]{subsection.3.1}{\376\377\000F\000i\000n\000i\000t\000e\000\040\000o\000b\000s\000e\000r\000v\000e\000r\000\040\000a\000x\000i\000o\000m}{section.3}% 7
\BOOKMARK [1][-]{section.4}{\376\377\000M\000o\000n\000i\000t\000o\000r\000i\000n\000g\000\040\000A\000r\000c\000h\000i\000t\000e\000c\000t\000u\000r\000e}{}% 8
\BOOKMARK [2][-]{subsection.4.1}{\376\377\000S\000-\000e\000n\000t\000r\000o\000p\000y\000\040\000s\000t\000a\000t\000e\000\040\000s\000p\000a\000c\000e}{section.4}% 9
\BOOKMARK [2][-]{subsection.4.2}{\376\377\000C\000e\000l\000l\000\040\000p\000a\000r\000t\000i\000t\000i\000o\000n\000\040\000a\000n\000d\000\040\000t\000h\000e\000\040\000m\000o\000n\000i\000t\000o\000r\000i\000n\000g\000\040\000c\000e\000l\000l}{section.4}% 10
\BOOKMARK [2][-]{subsection.4.3}{\376\377\000T\000r\000a\000j\000e\000c\000t\000o\000r\000y\000\040\000c\000o\000m\000p\000l\000e\000t\000i\000o\000n}{section.4}% 11
\BOOKMARK [2][-]{subsection.4.4}{\376\377\000C\000l\000o\000s\000u\000r\000e\000\040\000d\000i\000c\000h\000o\000t\000o\000m\000y\000\040\000f\000o\000r\000\040\000m\000o\000n\000i\000t\000o\000r\000i\000n\000g}{section.4}% 12
\BOOKMARK [2][-]{subsection.4.5}{\376\377\000C\000o\000h\000e\000r\000e\000n\000c\000e\000\040\000a\000n\000d\000\040\000s\000e\000n\000s\000o\000r\000\040\000f\000e\000d\000e\000r\000a\000t\000i\000o\000n}{section.4}% 13
\BOOKMARK [2][-]{subsection.4.6}{\376\377\000M\000o\000n\000i\000t\000o\000r\040\023\000c\000o\000n\000t\000r\000o\000l\000\040\000s\000e\000p\000a\000r\000a\000t\000i\000o\000n\000\040\000t\000h\000e\000o\000r\000e\000m}{section.4}% 14
\BOOKMARK [1][-]{section.5}{\376\377\000C\000e\000l\000l\000-\000P\000a\000r\000t\000i\000t\000i\000o\000n\000\040\000S\000c\000h\000e\000d\000u\000l\000e\000r}{}% 15
\BOOKMARK [2][-]{subsection.5.1}{\376\377\000O\000f\000f\000l\000i\000n\000e\000\040\000c\000o\000m\000p\000i\000l\000a\000t\000i\000o\000n}{section.5}% 16
\BOOKMARK [2][-]{subsection.5.2}{\376\377\000S\000t\000a\000b\000i\000l\000i\000t\000y}{section.5}% 17
\BOOKMARK [2][-]{subsection.5.3}{\376\377\000D\000i\000s\000c\000r\000e\000t\000e\000-\000t\000i\000m\000e\000\040\000c\000o\000n\000t\000r\000a\000c\000t\000i\000o\000n}{section.5}% 18
\BOOKMARK [2][-]{subsection.5.4}{\376\377\000C\000U\000S\000U\000M\040\023\000c\000e\000l\000l\000-\000c\000r\000o\000s\000s\000i\000n\000g\000\040\000i\000d\000e\000n\000t\000i\000t\000y}{section.5}% 19
\BOOKMARK [1][-]{section.6}{\376\377\000S\000e\000p\000a\000r\000a\000t\000i\000o\000n\000\040\000C\000o\000s\000t\000s\000\040\000a\000n\000d\000\040\000N\000e\000t\000w\000o\000r\000k\000\040\000Y\000i\000e\000l\000d}{}% 20
\BOOKMARK [2][-]{subsection.6.1}{\376\377\000S\000l\000o\000t\000-\000l\000e\000v\000e\000l\000\040\000s\000e\000p\000a\000r\000a\000t\000i\000o\000n\000\040\000c\000o\000s\000t\000s}{section.6}% 21
\BOOKMARK [2][-]{subsection.6.2}{\376\377\000T\000h\000e\000\040\000y\000i\000e\000l\000d\000\040\000m\000a\000r\000k\000e\000t}{section.6}% 22
\BOOKMARK [1][-]{section.7}{\376\377\000T\000h\000e\000\040\000T\000h\000r\000e\000e\000-\000W\000a\000y\000\040\000E\000q\000u\000i\000v\000a\000l\000e\000n\000c\000e}{}% 23
\BOOKMARK [2][-]{subsection.7.1}{\376\377\000F\000o\000r\000c\000e\000d\000\040\000o\000p\000t\000i\000m\000a\000l\000\040\000u\000t\000i\000l\000i\000s\000a\000t\000i\000o\000n}{section.7}% 24
\BOOKMARK [2][-]{subsection.7.2}{\376\377\000C\000o\000m\000p\000a\000r\000a\000t\000i\000v\000e\000-\000a\000d\000v\000a\000n\000t\000a\000g\000e\000\040\000s\000o\000r\000t\000i\000n\000g}{section.7}% 25
\BOOKMARK [1][-]{section.8}{\376\377\000L\000i\000v\000e\000n\000e\000s\000s\000\040\000U\000n\000d\000e\000r\000\040\000B\000a\000c\000k\000p\000r\000e\000s\000s\000u\000r\000e}{}% 26
\BOOKMARK [2][-]{subsection.8.1}{\376\377\000B\000a\000c\000k\000p\000r\000e\000s\000s\000u\000r\000e\000\040\000r\000o\000u\000t\000i\000n\000g}{section.8}% 27
\BOOKMARK [2][-]{subsection.8.2}{\376\377\000L\000i\000v\000e\000n\000e\000s\000s\000\040\000t\000h\000e\000o\000r\000e\000m}{section.8}% 28
\BOOKMARK [1][-]{section.9}{\376\377\000S\000t\000r\000u\000c\000t\000u\000r\000a\000l\000\040\000I\000n\000c\000o\000r\000r\000u\000p\000t\000i\000b\000i\000l\000i\000t\000y}{}% 29
\BOOKMARK [1][-]{section.10}{\376\377\000S\000w\000a\000r\000m\000\040\000C\000o\000o\000r\000d\000i\000n\000a\000t\000i\000o\000n\000\040\000a\000n\000d\000\040\000P\000h\000a\000s\000e\000-\000L\000o\000c\000k}{}% 30
\BOOKMARK [1][-]{section.11}{\376\377\000P\000r\000o\000c\000e\000s\000s\000e\000s\000\040\000a\000s\000\040\000P\000e\000r\000s\000i\000s\000t\000e\000n\000t\000\040\000A\000g\000e\000n\000t\000s}{}% 31
\BOOKMARK [2][-]{subsection.11.1}{\376\377\000T\000h\000e\000\040\000p\000r\000o\000c\000e\000s\000s\000\040\000a\000g\000e\000n\000t}{section.11}% 32
\BOOKMARK [2][-]{subsection.11.2}{\376\377\000O\000c\000c\000u\000p\000i\000e\000d\000,\000\040\000n\000o\000t\000\040\000w\000a\000i\000t\000i\000n\000g}{section.11}% 33
\BOOKMARK [2][-]{subsection.11.3}{\376\377\000G\000o\000a\000l\000\040\000s\000u\000c\000c\000e\000s\000s\000i\000o\000n\000:\000\040\000p\000e\000r\000s\000i\000s\000t\000e\000n\000c\000e\000\040\000p\000a\000s\000t\000\040\000c\000o\000m\000p\000l\000e\000t\000i\000o\000n}{section.11}% 34
\BOOKMARK [2][-]{subsection.11.4}{\376\377\000A\000n\000\040\000e\000v\000e\000r\000-\000f\000r\000e\000s\000h\000\040\000r\000e\000s\000p\000o\000n\000s\000e}{section.11}% 35
\BOOKMARK [2][-]{subsection.11.5}{\376\377\000T\000h\000e\000\040\000a\000g\000e\000n\000t\000\040\000i\000n\000i\000t\000i\000a\000t\000e\000s}{section.11}% 36
\BOOKMARK [2][-]{subsection.11.6}{\376\377\000P\000e\000r\000s\000i\000s\000t\000e\000n\000c\000e\000\040\000i\000s\000\040\000i\000n\000c\000o\000r\000r\000u\000p\000t\000i\000b\000l\000e}{section.11}% 37
\BOOKMARK [1][-]{section.12}{\376\377\000N\000u\000m\000e\000r\000i\000c\000a\000l\000\040\000V\000a\000l\000i\000d\000a\000t\000i\000o\000n}{}% 38
\BOOKMARK [2][-]{subsection.12.1}{\376\377\000F\000o\000r\000m\000u\000l\000a\000\040\000c\000h\000e\000c\000k\000s}{section.12}% 39
\BOOKMARK [2][-]{subsection.12.2}{\376\377\000A\000\040\000c\000o\000r\000r\000e\000c\000t\000e\000d\000\040\000t\000h\000e\000o\000r\000e\000m}{section.12}% 40
\BOOKMARK [2][-]{subsection.12.3}{\376\377\000A\000g\000e\000n\000t\000-\000n\000e\000t\000w\000o\000r\000k\000\040\000s\000i\000m\000u\000l\000a\000t\000i\000o\000n}{section.12}% 41
\BOOKMARK [1][-]{section.13}{\376\377\000D\000i\000s\000c\000u\000s\000s\000i\000o\000n}{}% 42
\BOOKMARK [2][-]{subsection.13.1}{\376\377\000R\000e\000l\000a\000t\000i\000o\000n\000\040\000t\000o\000\040\000b\000a\000c\000k\000p\000r\000e\000s\000s\000u\000r\000e\000\040\000s\000c\000h\000e\000d\000u\000l\000i\000n\000g}{section.13}% 43
\BOOKMARK [2][-]{subsection.13.2}{\376\377\000R\000e\000l\000a\000t\000i\000o\000n\000\040\000t\000o\000\040\000f\000a\000i\000r\000\040\000q\000u\000e\000u\000e\000i\000n\000g}{section.13}% 44
\BOOKMARK [2][-]{subsection.13.3}{\376\377\000R\000e\000l\000a\000t\000i\000o\000n\000\040\000t\000o\000\040\000c\000l\000u\000s\000t\000e\000r\000\040\000s\000c\000h\000e\000d\000u\000l\000i\000n\000g}{section.13}% 45
\BOOKMARK [2][-]{subsection.13.4}{\376\377\000T\000h\000e\000\040\000r\000e\000s\000o\000l\000u\000t\000i\000o\000n\000\040\000f\000l\000o\000o\000r\000\040\000a\000s\000\040\000a\000\040\000t\000h\000e\000r\000m\000o\000d\000y\000n\000a\000m\000i\000c\000\040\000c\000o\000n\000s\000t\000r\000a\000i\000n\000t}{section.13}% 46
\BOOKMARK [2][-]{subsection.13.5}{\376\377\000T\000h\000e\000\040\000c\000o\000m\000p\000u\000t\000e\000-\000t\000i\000c\000k\000\040\000a\000s\000\040\000t\000h\000e\000\040\000u\000n\000i\000f\000y\000i\000n\000g\000\040\000q\000u\000a\000n\000t\000u\000m}{section.13}% 47
\BOOKMARK [2][-]{subsection.13.6}{\376\377\000M\000o\000n\000i\000t\000o\000r\040\023\000c\000o\000n\000t\000r\000o\000l\000\040\000s\000e\000p\000a\000r\000a\000t\000i\000o\000n\000\040\000a\000s\000\040\000a\000\040\000d\000e\000s\000i\000g\000n\000\040\000p\000r\000i\000n\000c\000i\000p\000l\000e}{section.13}% 48
\BOOKMARK [2][-]{subsection.13.7}{\376\377\000P\000r\000o\000c\000e\000s\000s\000e\000s\000\040\000a\000s\000\040\000a\000g\000e\000n\000t\000s}{section.13}% 49
\BOOKMARK [2][-]{subsection.13.8}{\376\377\000L\000i\000m\000i\000t\000a\000t\000i\000o\000n\000s}{section.13}% 50
\BOOKMARK [1][-]{section.14}{\376\377\000C\000o\000n\000c\000l\000u\000s\000i\000o\000n}{}% 51
