\BOOKMARK [1][-]{section.1}{\376\377\000I\000n\000t\000r\000o\000d\000u\000c\000t\000i\000o\000n}{}% 1
\BOOKMARK [1][-]{section.2}{\376\377\000M\000a\000t\000h\000e\000m\000a\000t\000i\000c\000a\000l\000\040\000F\000o\000u\000n\000d\000a\000t\000i\000o\000n\000s}{}% 2
\BOOKMARK [2][-]{subsection.2.1}{\376\377\000T\000h\000e\000\040\000B\000o\000u\000n\000d\000e\000d\000n\000e\000s\000s\000\040\000A\000x\000i\000o\000m}{section.2}% 3
\BOOKMARK [2][-]{subsection.2.2}{\376\377\000P\000o\000i\000n\000c\000a\000r\000\351\000\040\000R\000e\000c\000u\000r\000r\000e\000n\000c\000e\000\040\000i\000n\000\040\000B\000o\000u\000n\000d\000e\000d\000\040\000N\000e\000t\000w\000o\000r\000k\000s}{section.2}% 4
\BOOKMARK [2][-]{subsection.2.3}{\376\377\000F\000i\000n\000i\000t\000e\000\040\000O\000b\000s\000e\000r\000v\000e\000r\000\040\000F\000r\000a\000m\000e\000w\000o\000r\000k}{section.2}% 5
\BOOKMARK [2][-]{subsection.2.4}{\376\377\000G\000e\000a\000r\000\040\000R\000a\000t\000i\000o\000\040\000M\000a\000t\000h\000e\000m\000a\000t\000i\000c\000s}{section.2}% 6
\BOOKMARK [2][-]{subsection.2.5}{\376\377\000E\000i\000g\000h\000t\000-\000S\000c\000a\000l\000e\000\040\000O\000s\000c\000i\000l\000l\000a\000t\000o\000r\000y\000\040\000H\000i\000e\000r\000a\000r\000c\000h\000y}{section.2}% 7
\BOOKMARK [1][-]{section.3}{\376\377\000T\000h\000e\000\040\000N\000e\000t\000w\000o\000r\000k\040\023\000G\000a\000s\000\040\000I\000s\000o\000m\000o\000r\000p\000h\000i\000s\000m}{}% 8
\BOOKMARK [2][-]{subsection.3.1}{\376\377\000P\000h\000a\000s\000e\000\040\000S\000p\000a\000c\000e\000\040\000C\000o\000n\000s\000t\000r\000u\000c\000t\000i\000o\000n}{section.3}% 9
\BOOKMARK [2][-]{subsection.3.2}{\376\377\000T\000h\000e\000\040\000I\000s\000o\000m\000o\000r\000p\000h\000i\000s\000m\000\040\000M\000a\000p}{section.3}% 10
\BOOKMARK [2][-]{subsection.3.3}{\376\377\000N\000e\000t\000w\000o\000r\000k\000\040\000H\000a\000m\000i\000l\000t\000o\000n\000i\000a\000n}{section.3}% 11
\BOOKMARK [2][-]{subsection.3.4}{\376\377\000N\000e\000t\000w\000o\000r\000k\000\040\000T\000e\000m\000p\000e\000r\000a\000t\000u\000r\000e}{section.3}% 12
\BOOKMARK [1][-]{section.4}{\376\377\000T\000h\000e\000\040\000I\000d\000e\000a\000l\000\040\000N\000e\000t\000w\000o\000r\000k\000\040\000G\000a\000s}{}% 13
\BOOKMARK [2][-]{subsection.4.1}{\376\377\000A\000s\000s\000u\000m\000p\000t\000i\000o\000n\000s\000\040\000f\000o\000r\000\040\000I\000d\000e\000a\000l\000i\000t\000y}{section.4}% 14
\BOOKMARK [2][-]{subsection.4.2}{\376\377\000E\000q\000u\000i\000p\000a\000r\000t\000i\000t\000i\000o\000n\000\040\000T\000h\000e\000o\000r\000e\000m\000\040\000f\000o\000r\000\040\000N\000e\000t\000w\000o\000r\000k\000s}{section.4}% 15
\BOOKMARK [2][-]{subsection.4.3}{\376\377\000T\000h\000e\000\040\000I\000d\000e\000a\000l\000\040\000N\000e\000t\000w\000o\000r\000k\000\040\000G\000a\000s\000\040\000L\000a\000w}{section.4}% 16
\BOOKMARK [2][-]{subsection.4.4}{\376\377\000N\000e\000t\000w\000o\000r\000k\000\040\000I\000n\000t\000e\000r\000n\000a\000l\000\040\000E\000n\000e\000r\000g\000y}{section.4}% 17
\BOOKMARK [2][-]{subsection.4.5}{\376\377\000N\000e\000t\000w\000o\000r\000k\000\040\000H\000e\000a\000t\000\040\000C\000a\000p\000a\000c\000i\000t\000y}{section.4}% 18
\BOOKMARK [1][-]{section.5}{\376\377\000M\000a\000x\000w\000e\000l\000l\040\023\000B\000o\000l\000t\000z\000m\000a\000n\000n\000\040\000D\000i\000s\000t\000r\000i\000b\000u\000t\000i\000o\000n\000\040\000f\000o\000r\000\040\000P\000a\000c\000k\000e\000t\000\040\000T\000i\000m\000i\000n\000g}{}% 19
\BOOKMARK [2][-]{subsection.5.1}{\376\377\000D\000e\000r\000i\000v\000a\000t\000i\000o\000n\000\040\000f\000r\000o\000m\000\040\000M\000a\000x\000i\000m\000u\000m\000\040\000E\000n\000t\000r\000o\000p\000y}{section.5}% 20
\BOOKMARK [2][-]{subsection.5.2}{\376\377\000C\000h\000a\000r\000a\000c\000t\000e\000r\000i\000s\000t\000i\000c\000\040\000S\000p\000e\000e\000d\000s}{section.5}% 21
\BOOKMARK [2][-]{subsection.5.3}{\376\377\000B\000o\000u\000n\000d\000e\000d\000\040\000M\000a\000x\000w\000e\000l\000l\040\023\000B\000o\000l\000t\000z\000m\000a\000n\000n\000\040\000D\000i\000s\000t\000r\000i\000b\000u\000t\000i\000o\000n}{section.5}% 22
\BOOKMARK [2][-]{subsection.5.4}{\376\377\000E\000x\000p\000e\000r\000i\000m\000e\000n\000t\000a\000l\000\040\000V\000a\000l\000i\000d\000a\000t\000i\000o\000n}{section.5}% 23
\BOOKMARK [1][-]{section.6}{\376\377\000E\000q\000u\000a\000t\000i\000o\000n\000s\000\040\000o\000f\000\040\000S\000t\000a\000t\000e}{}% 24
\BOOKMARK [2][-]{subsection.6.1}{\376\377\000I\000d\000e\000a\000l\000\040\000N\000e\000t\000w\000o\000r\000k\000\040\000G\000a\000s\000\040\000\050\000R\000e\000v\000i\000e\000w\000\051}{section.6}% 25
\BOOKMARK [2][-]{subsection.6.2}{\376\377\000V\000a\000n\000\040\000d\000e\000r\000\040\000W\000a\000a\000l\000s\000\040\000E\000q\000u\000a\000t\000i\000o\000n\000\040\000f\000o\000r\000\040\000I\000n\000t\000e\000r\000a\000c\000t\000i\000n\000g\000\040\000N\000e\000t\000w\000o\000r\000k\000s}{section.6}% 26
\BOOKMARK [2][-]{subsection.6.3}{\376\377\000V\000i\000r\000i\000a\000l\000\040\000E\000x\000p\000a\000n\000s\000i\000o\000n}{section.6}% 27
\BOOKMARK [2][-]{subsection.6.4}{\376\377\000C\000r\000i\000t\000i\000c\000a\000l\000\040\000P\000o\000i\000n\000t}{section.6}% 28
\BOOKMARK [2][-]{subsection.6.5}{\376\377\000R\000e\000d\000u\000c\000e\000d\000\040\000E\000q\000u\000a\000t\000i\000o\000n\000s\000\040\000o\000f\000\040\000S\000t\000a\000t\000e}{section.6}% 29
\BOOKMARK [1][-]{section.7}{\376\377\000P\000h\000a\000s\000e\000\040\000T\000r\000a\000n\000s\000i\000t\000i\000o\000n\000s\000\040\000i\000n\000\040\000N\000e\000t\000w\000o\000r\000k\000s}{}% 30
\BOOKMARK [2][-]{subsection.7.1}{\376\377\000T\000h\000r\000e\000e\000\040\000N\000e\000t\000w\000o\000r\000k\000\040\000P\000h\000a\000s\000e\000s}{section.7}% 31
\BOOKMARK [2][-]{subsection.7.2}{\376\377\000O\000r\000d\000e\000r\000\040\000P\000a\000r\000a\000m\000e\000t\000e\000r}{section.7}% 32
\BOOKMARK [2][-]{subsection.7.3}{\376\377\000L\000e\000n\000n\000a\000r\000d\000-\000J\000o\000n\000e\000s\000\040\000P\000h\000a\000s\000e\000\040\000D\000i\000a\000g\000r\000a\000m}{section.7}% 33
\BOOKMARK [2][-]{subsection.7.4}{\376\377\000C\000r\000y\000s\000t\000a\000l\000\040\000S\000t\000r\000u\000c\000t\000u\000r\000e\000\040\000a\000n\000d\000\040\000P\000h\000o\000n\000o\000n\000s}{section.7}% 34
\BOOKMARK [2][-]{subsection.7.5}{\376\377\000C\000l\000a\000u\000s\000i\000u\000s\040\023\000C\000l\000a\000p\000e\000y\000r\000o\000n\000\040\000f\000o\000r\000\040\000N\000e\000t\000w\000o\000r\000k\000\040\000P\000h\000a\000s\000e\000\040\000B\000o\000u\000n\000d\000a\000r\000i\000e\000s}{section.7}% 35
\BOOKMARK [1][-]{section.8}{\376\377\000T\000r\000a\000n\000s\000p\000o\000r\000t\000\040\000P\000r\000o\000p\000e\000r\000t\000i\000e\000s}{}% 36
\BOOKMARK [2][-]{subsection.8.1}{\376\377\000M\000e\000a\000n\000\040\000F\000r\000e\000e\000\040\000P\000a\000t\000h}{section.8}% 37
\BOOKMARK [2][-]{subsection.8.2}{\376\377\000N\000e\000t\000w\000o\000r\000k\000\040\000V\000i\000s\000c\000o\000s\000i\000t\000y\000\040\000\050\000C\000o\000n\000g\000e\000s\000t\000i\000o\000n\000\051}{section.8}% 38
\BOOKMARK [2][-]{subsection.8.3}{\376\377\000T\000h\000e\000r\000m\000a\000l\000\040\000C\000o\000n\000d\000u\000c\000t\000i\000v\000i\000t\000y\000\040\000\050\000I\000n\000f\000o\000r\000m\000a\000t\000i\000o\000n\000\040\000P\000r\000o\000p\000a\000g\000a\000t\000i\000o\000n\000\051}{section.8}% 39
\BOOKMARK [2][-]{subsection.8.4}{\376\377\000D\000i\000f\000f\000u\000s\000i\000o\000n\000\040\000\050\000P\000a\000c\000k\000e\000t\000\040\000S\000p\000r\000e\000a\000d\000i\000n\000g\000\051}{section.8}% 40
\BOOKMARK [2][-]{subsection.8.5}{\376\377\000W\000i\000e\000d\000e\000m\000a\000n\000n\040\023\000F\000r\000a\000n\000z\000\040\000L\000a\000w\000\040\000f\000o\000r\000\040\000N\000e\000t\000w\000o\000r\000k\000s}{section.8}% 41
\BOOKMARK [1][-]{section.9}{\376\377\000T\000h\000e\000r\000m\000o\000d\000y\000n\000a\000m\000i\000c\000\040\000P\000o\000t\000e\000n\000t\000i\000a\000l\000s}{}% 42
\BOOKMARK [2][-]{subsection.9.1}{\376\377\000E\000n\000t\000r\000o\000p\000y\000:\000\040\000S\000a\000c\000k\000u\000r\040\023\000T\000e\000t\000r\000o\000d\000e\000\040\000E\000q\000u\000a\000t\000i\000o\000n\000\040\000f\000o\000r\000\040\000N\000e\000t\000w\000o\000r\000k\000s}{section.9}% 43
\BOOKMARK [2][-]{subsection.9.2}{\376\377\000H\000e\000l\000m\000h\000o\000l\000t\000z\000\040\000F\000r\000e\000e\000\040\000E\000n\000e\000r\000g\000y}{section.9}% 44
\BOOKMARK [2][-]{subsection.9.3}{\376\377\000G\000i\000b\000b\000s\000\040\000F\000r\000e\000e\000\040\000E\000n\000e\000r\000g\000y}{section.9}% 45
\BOOKMARK [2][-]{subsection.9.4}{\376\377\000C\000h\000e\000m\000i\000c\000a\000l\000\040\000P\000o\000t\000e\000n\000t\000i\000a\000l\000\040\000f\000o\000r\000\040\000N\000o\000d\000e\000\040\000A\000d\000d\000i\000t\000i\000o\000n}{section.9}% 46
\BOOKMARK [2][-]{subsection.9.5}{\376\377\000G\000r\000a\000n\000d\000\040\000C\000a\000n\000o\000n\000i\000c\000a\000l\000\040\000E\000n\000s\000e\000m\000b\000l\000e}{section.9}% 47
\BOOKMARK [1][-]{section.10}{\376\377\000T\000h\000e\000\040\000C\000e\000n\000t\000r\000a\000l\000\040\000M\000o\000l\000e\000c\000u\000l\000e\000\040\000I\000m\000p\000o\000s\000s\000i\000b\000i\000l\000i\000t\000y\000\040\000T\000h\000e\000o\000r\000e\000m}{}% 48
\BOOKMARK [2][-]{subsection.10.1}{\376\377\000S\000t\000a\000t\000e\000m\000e\000n\000t}{section.10}% 49
\BOOKMARK [2][-]{subsection.10.2}{\376\377\000P\000r\000o\000o\000f}{section.10}% 50
\BOOKMARK [2][-]{subsection.10.3}{\376\377\000C\000o\000n\000s\000e\000q\000u\000e\000n\000c\000e\000s}{section.10}% 51
\BOOKMARK [1][-]{section.11}{\376\377\000V\000a\000r\000i\000a\000n\000c\000e\000\040\000R\000e\000s\000t\000o\000r\000a\000t\000i\000o\000n\000\040\000D\000y\000n\000a\000m\000i\000c\000s}{}% 52
\BOOKMARK [2][-]{subsection.11.1}{\376\377\000N\000e\000w\000t\000o\000n\000'\000s\000\040\000L\000a\000w\000\040\000o\000f\000\040\000C\000o\000o\000l\000i\000n\000g\000\040\000f\000o\000r\000\040\000N\000e\000t\000w\000o\000r\000k\000s}{section.11}% 53
\BOOKMARK [2][-]{subsection.11.2}{\376\377\000A\000t\000o\000m\000i\000c\000\040\000C\000l\000o\000c\000k\000\040\000a\000s\000\040\000Z\000e\000r\000o\000-\000T\000e\000m\000p\000e\000r\000a\000t\000u\000r\000e\000\040\000R\000e\000s\000e\000r\000v\000o\000i\000r}{section.11}% 54
\BOOKMARK [2][-]{subsection.11.3}{\376\377\000L\000a\000n\000d\000a\000u\000e\000r\000\040\000C\000o\000s\000t\000\040\000o\000f\000\040\000C\000o\000o\000l\000i\000n\000g}{section.11}% 55
\BOOKMARK [2][-]{subsection.11.4}{\376\377\000R\000e\000s\000t\000o\000r\000a\000t\000i\000o\000n\000\040\000T\000i\000m\000e\000s\000c\000a\000l\000e}{section.11}% 56
\BOOKMARK [1][-]{section.12}{\376\377\000H\000i\000e\000r\000a\000r\000c\000h\000i\000c\000a\000l\000\040\000F\000r\000a\000g\000m\000e\000n\000t\000a\000t\000i\000o\000n\000\040\000a\000n\000d\000\040\000P\000a\000r\000t\000i\000t\000i\000o\000n\000\040\000F\000u\000n\000c\000t\000i\000o\000n}{}% 57
\BOOKMARK [2][-]{subsection.12.1}{\376\377\000T\000h\000r\000e\000e\000\040\000T\000e\000m\000p\000o\000r\000a\000l\000\040\000S\000c\000a\000l\000e\000s}{section.12}% 58
\BOOKMARK [2][-]{subsection.12.2}{\376\377\000P\000a\000r\000t\000i\000t\000i\000o\000n\000\040\000F\000u\000n\000c\000t\000i\000o\000n\000\040\000A\000c\000r\000o\000s\000s\000\040\000S\000c\000a\000l\000e\000s}{section.12}% 59
\BOOKMARK [2][-]{subsection.12.3}{\376\377\000D\000a\000t\000a\000\040\000F\000r\000a\000g\000m\000e\000n\000t\000a\000t\000i\000o\000n\000\040\000P\000r\000o\000t\000o\000c\000o\000l}{section.12}% 60
\BOOKMARK [2][-]{subsection.12.4}{\376\377\000P\000e\000r\000f\000o\000r\000m\000a\000n\000c\000e\000\040\000R\000e\000s\000u\000l\000t\000s}{section.12}% 61
\BOOKMARK [1][-]{section.13}{\376\377\000N\000e\000t\000w\000o\000r\000k\000\040\000U\000n\000c\000e\000r\000t\000a\000i\000n\000t\000y\000\040\000R\000e\000l\000a\000t\000i\000o\000n\000s}{}% 62
\BOOKMARK [2][-]{subsection.13.1}{\376\377\000H\000e\000i\000s\000e\000n\000b\000e\000r\000g\000-\000l\000i\000k\000e\000\040\000U\000n\000c\000e\000r\000t\000a\000i\000n\000t\000y}{section.13}% 63
\BOOKMARK [2][-]{subsection.13.2}{\376\377\000P\000h\000y\000s\000i\000c\000a\000l\000\040\000M\000e\000a\000n\000i\000n\000g}{section.13}% 64
\BOOKMARK [2][-]{subsection.13.3}{\376\377\000M\000i\000n\000i\000m\000u\000m\000\040\000U\000n\000c\000e\000r\000t\000a\000i\000n\000t\000y\000\040\000S\000t\000a\000t\000e\000s}{section.13}% 65
\BOOKMARK [1][-]{section.14}{\376\377\000E\000x\000p\000e\000r\000i\000m\000e\000n\000t\000a\000l\000\040\000P\000r\000e\000d\000i\000c\000t\000i\000o\000n\000s\000\040\000a\000n\000d\000\040\000V\000a\000l\000i\000d\000a\000t\000i\000o\000n}{}% 66
\BOOKMARK [1][-]{section.15}{\376\377\000C\000o\000n\000c\000l\000u\000s\000i\000o\000n}{}% 67
